2015-11-09 16:19:24,362 [http-bio-8080-exec-6] DEBUG ROOT - Incoming message from js client line[15], message [Uncaught SyntaxError: AutoGeneratedError]
2015-11-09 16:19:25,352 [http-bio-8080-exec-7] DEBUG ROOT - Incoming message from js client line[15], message [Uncaught SyntaxError: AutoGeneratedError]
2015-11-09 16:19:25,876 [http-bio-8080-exec-8] DEBUG ROOT - Incoming message from js client line[15], message [Uncaught SyntaxError: AutoGeneratedError]
2015-11-09 16:19:25,991 [http-bio-8080-exec-9] DEBUG ROOT - Incoming message from js client line[15], message [Uncaught SyntaxError: AutoGeneratedError]
2015-11-09 16:19:26,155 [http-bio-8080-exec-10] DEBUG ROOT - Incoming message from js client line[15], message [Uncaught SyntaxError: AutoGeneratedError]
2015-11-09 16:19:26,360 [http-bio-8080-exec-10] DEBUG ROOT - Incoming message from js client line[15], message [Uncaught SyntaxError: AutoGeneratedError]
2015-11-09 16:19:26,625 [http-bio-8080-exec-10] DEBUG ROOT - Incoming message from js client line[15], message [Uncaught SyntaxError: AutoGeneratedError]
2015-11-09 16:19:26,820 [http-bio-8080-exec-10] DEBUG ROOT - Incoming message from js client line[15], message [Uncaught SyntaxError: AutoGeneratedError]
2015-11-09 16:19:27,039 [http-bio-8080-exec-10] DEBUG ROOT - Incoming message from js client line[15], message [Uncaught SyntaxError: AutoGeneratedError]
2015-11-09 16:19:27,194 [http-bio-8080-exec-10] DEBUG ROOT - Incoming message from js client line[15], message [Uncaught SyntaxError: AutoGeneratedError]
2015-11-09 16:19:31,891 [http-bio-8080-exec-6] DEBUG ROOT - Incoming message from http://localhost:9005/
2015-11-09 16:19:31,892 [http-bio-8080-exec-6] DEBUG ROOT - ReferenceError: y is not defined
2015-11-09 16:19:31,893 [http-bio-8080-exec-6] DEBUG ROOT -     at bar (http://localhost:9005/scripts/controllers/causeerror.js:25:15)
2015-11-09 16:19:31,893 [http-bio-8080-exec-6] DEBUG ROOT -     at foo (http://localhost:9005/scripts/controllers/causeerror.js:28:7)
2015-11-09 16:19:31,900 [http-bio-8080-exec-6] DEBUG ROOT -     at Scope.$scope.causeError (http://localhost:9005/scripts/controllers/causeerror.js:18:7)
2015-11-09 16:19:31,902 [http-bio-8080-exec-6] DEBUG ROOT -     at fn (eval at <anonymous> (http://localhost:9005/bower_components/angular/angular.js:13275:15), <anonymous>:4:221)
2015-11-09 16:19:31,902 [http-bio-8080-exec-6] DEBUG ROOT -     at callback (http://localhost:9005/bower_components/angular/angular.js:23481:17)
2015-11-09 16:19:31,902 [http-bio-8080-exec-6] DEBUG ROOT -     at Scope.$eval (http://localhost:9005/bower_components/angular/angular.js:15922:28)
2015-11-09 16:19:31,902 [http-bio-8080-exec-6] DEBUG ROOT -     at Scope.$apply (http://localhost:9005/bower_components/angular/angular.js:16022:25)
2015-11-09 16:19:31,902 [http-bio-8080-exec-6] DEBUG ROOT -     at HTMLButtonElement.<anonymous> (http://localhost:9005/bower_components/angular/angular.js:23486:23)
2015-11-09 16:19:31,902 [http-bio-8080-exec-6] DEBUG ROOT -     at HTMLButtonElement.eventHandler (http://localhost:9005/bower_components/angular/angular.js:3296:21)
2015-11-09 16:19:31,993 [http-bio-8080-exec-7] DEBUG ROOT - Incoming message from http://localhost:9005/
2015-11-09 16:19:31,993 [http-bio-8080-exec-7] DEBUG ROOT - ReferenceError: y is not defined
2015-11-09 16:19:31,993 [http-bio-8080-exec-7] DEBUG ROOT -     at bar (http://localhost:9005/scripts/controllers/causeerror.js:25:15)
2015-11-09 16:19:31,993 [http-bio-8080-exec-7] DEBUG ROOT -     at foo (http://localhost:9005/scripts/controllers/causeerror.js:28:7)
2015-11-09 16:19:31,993 [http-bio-8080-exec-7] DEBUG ROOT -     at Scope.$scope.causeError (http://localhost:9005/scripts/controllers/causeerror.js:18:7)
2015-11-09 16:19:31,993 [http-bio-8080-exec-7] DEBUG ROOT -     at fn (eval at <anonymous> (http://localhost:9005/bower_components/angular/angular.js:13275:15), <anonymous>:4:221)
2015-11-09 16:19:31,994 [http-bio-8080-exec-7] DEBUG ROOT -     at callback (http://localhost:9005/bower_components/angular/angular.js:23481:17)
2015-11-09 16:19:31,994 [http-bio-8080-exec-7] DEBUG ROOT -     at Scope.$eval (http://localhost:9005/bower_components/angular/angular.js:15922:28)
2015-11-09 16:19:31,994 [http-bio-8080-exec-7] DEBUG ROOT -     at Scope.$apply (http://localhost:9005/bower_components/angular/angular.js:16022:25)
2015-11-09 16:19:31,994 [http-bio-8080-exec-7] DEBUG ROOT -     at HTMLButtonElement.<anonymous> (http://localhost:9005/bower_components/angular/angular.js:23486:23)
2015-11-09 16:19:31,994 [http-bio-8080-exec-7] DEBUG ROOT -     at HTMLButtonElement.eventHandler (http://localhost:9005/bower_components/angular/angular.js:3296:21)
2015-11-09 16:19:32,195 [http-bio-8080-exec-8] DEBUG ROOT - Incoming message from http://localhost:9005/
2015-11-09 16:19:32,195 [http-bio-8080-exec-8] DEBUG ROOT - ReferenceError: y is not defined
2015-11-09 16:19:32,195 [http-bio-8080-exec-8] DEBUG ROOT -     at bar (http://localhost:9005/scripts/controllers/causeerror.js:25:15)
2015-11-09 16:19:32,196 [http-bio-8080-exec-8] DEBUG ROOT -     at foo (http://localhost:9005/scripts/controllers/causeerror.js:28:7)
2015-11-09 16:19:32,196 [http-bio-8080-exec-8] DEBUG ROOT -     at Scope.$scope.causeError (http://localhost:9005/scripts/controllers/causeerror.js:18:7)
2015-11-09 16:19:32,196 [http-bio-8080-exec-8] DEBUG ROOT -     at fn (eval at <anonymous> (http://localhost:9005/bower_components/angular/angular.js:13275:15), <anonymous>:4:221)
2015-11-09 16:19:32,196 [http-bio-8080-exec-8] DEBUG ROOT -     at callback (http://localhost:9005/bower_components/angular/angular.js:23481:17)
2015-11-09 16:19:32,196 [http-bio-8080-exec-8] DEBUG ROOT -     at Scope.$eval (http://localhost:9005/bower_components/angular/angular.js:15922:28)
2015-11-09 16:19:32,196 [http-bio-8080-exec-8] DEBUG ROOT -     at Scope.$apply (http://localhost:9005/bower_components/angular/angular.js:16022:25)
2015-11-09 16:19:32,196 [http-bio-8080-exec-8] DEBUG ROOT -     at HTMLButtonElement.<anonymous> (http://localhost:9005/bower_components/angular/angular.js:23486:23)
2015-11-09 16:19:32,196 [http-bio-8080-exec-8] DEBUG ROOT -     at HTMLButtonElement.eventHandler (http://localhost:9005/bower_components/angular/angular.js:3296:21)
2015-11-09 16:19:32,429 [http-bio-8080-exec-8] DEBUG ROOT - Incoming message from http://localhost:9005/
2015-11-09 16:19:32,430 [http-bio-8080-exec-8] DEBUG ROOT - ReferenceError: y is not defined
2015-11-09 16:19:32,430 [http-bio-8080-exec-8] DEBUG ROOT -     at bar (http://localhost:9005/scripts/controllers/causeerror.js:25:15)
2015-11-09 16:19:32,430 [http-bio-8080-exec-8] DEBUG ROOT -     at foo (http://localhost:9005/scripts/controllers/causeerror.js:28:7)
2015-11-09 16:19:32,430 [http-bio-8080-exec-8] DEBUG ROOT -     at Scope.$scope.causeError (http://localhost:9005/scripts/controllers/causeerror.js:18:7)
2015-11-09 16:19:32,430 [http-bio-8080-exec-8] DEBUG ROOT -     at fn (eval at <anonymous> (http://localhost:9005/bower_components/angular/angular.js:13275:15), <anonymous>:4:221)
2015-11-09 16:19:32,430 [http-bio-8080-exec-8] DEBUG ROOT -     at callback (http://localhost:9005/bower_components/angular/angular.js:23481:17)
2015-11-09 16:19:32,430 [http-bio-8080-exec-8] DEBUG ROOT -     at Scope.$eval (http://localhost:9005/bower_components/angular/angular.js:15922:28)
2015-11-09 16:19:32,430 [http-bio-8080-exec-8] DEBUG ROOT -     at Scope.$apply (http://localhost:9005/bower_components/angular/angular.js:16022:25)
2015-11-09 16:19:32,430 [http-bio-8080-exec-8] DEBUG ROOT -     at HTMLButtonElement.<anonymous> (http://localhost:9005/bower_components/angular/angular.js:23486:23)
2015-11-09 16:19:32,430 [http-bio-8080-exec-8] DEBUG ROOT -     at HTMLButtonElement.eventHandler (http://localhost:9005/bower_components/angular/angular.js:3296:21)
2015-11-09 16:19:32,527 [http-bio-8080-exec-8] DEBUG ROOT - Incoming message from http://localhost:9005/
2015-11-09 16:19:32,527 [http-bio-8080-exec-8] DEBUG ROOT - ReferenceError: y is not defined
2015-11-09 16:19:32,527 [http-bio-8080-exec-8] DEBUG ROOT -     at bar (http://localhost:9005/scripts/controllers/causeerror.js:25:15)
2015-11-09 16:19:32,527 [http-bio-8080-exec-8] DEBUG ROOT -     at foo (http://localhost:9005/scripts/controllers/causeerror.js:28:7)
2015-11-09 16:19:32,527 [http-bio-8080-exec-8] DEBUG ROOT -     at Scope.$scope.causeError (http://localhost:9005/scripts/controllers/causeerror.js:18:7)
2015-11-09 16:19:32,527 [http-bio-8080-exec-8] DEBUG ROOT -     at fn (eval at <anonymous> (http://localhost:9005/bower_components/angular/angular.js:13275:15), <anonymous>:4:221)
2015-11-09 16:19:32,527 [http-bio-8080-exec-8] DEBUG ROOT -     at callback (http://localhost:9005/bower_components/angular/angular.js:23481:17)
2015-11-09 16:19:32,527 [http-bio-8080-exec-8] DEBUG ROOT -     at Scope.$eval (http://localhost:9005/bower_components/angular/angular.js:15922:28)
2015-11-09 16:19:32,527 [http-bio-8080-exec-8] DEBUG ROOT -     at Scope.$apply (http://localhost:9005/bower_components/angular/angular.js:16022:25)
2015-11-09 16:19:32,527 [http-bio-8080-exec-8] DEBUG ROOT -     at HTMLButtonElement.<anonymous> (http://localhost:9005/bower_components/angular/angular.js:23486:23)
2015-11-09 16:19:32,527 [http-bio-8080-exec-8] DEBUG ROOT -     at HTMLButtonElement.eventHandler (http://localhost:9005/bower_components/angular/angular.js:3296:21)
2015-11-09 16:19:32,641 [http-bio-8080-exec-8] DEBUG ROOT - Incoming message from http://localhost:9005/
2015-11-09 16:19:32,641 [http-bio-8080-exec-8] DEBUG ROOT - ReferenceError: y is not defined
2015-11-09 16:19:32,641 [http-bio-8080-exec-8] DEBUG ROOT -     at bar (http://localhost:9005/scripts/controllers/causeerror.js:25:15)
2015-11-09 16:19:32,641 [http-bio-8080-exec-8] DEBUG ROOT -     at foo (http://localhost:9005/scripts/controllers/causeerror.js:28:7)
2015-11-09 16:19:32,641 [http-bio-8080-exec-8] DEBUG ROOT -     at Scope.$scope.causeError (http://localhost:9005/scripts/controllers/causeerror.js:18:7)
2015-11-09 16:19:32,641 [http-bio-8080-exec-8] DEBUG ROOT -     at fn (eval at <anonymous> (http://localhost:9005/bower_components/angular/angular.js:13275:15), <anonymous>:4:221)
2015-11-09 16:19:32,641 [http-bio-8080-exec-8] DEBUG ROOT -     at callback (http://localhost:9005/bower_components/angular/angular.js:23481:17)
2015-11-09 16:19:32,641 [http-bio-8080-exec-8] DEBUG ROOT -     at Scope.$eval (http://localhost:9005/bower_components/angular/angular.js:15922:28)
2015-11-09 16:19:32,641 [http-bio-8080-exec-8] DEBUG ROOT -     at Scope.$apply (http://localhost:9005/bower_components/angular/angular.js:16022:25)
2015-11-09 16:19:32,641 [http-bio-8080-exec-8] DEBUG ROOT -     at HTMLButtonElement.<anonymous> (http://localhost:9005/bower_components/angular/angular.js:23486:23)
2015-11-09 16:19:32,641 [http-bio-8080-exec-8] DEBUG ROOT -     at HTMLButtonElement.eventHandler (http://localhost:9005/bower_components/angular/angular.js:3296:21)
2015-11-09 16:19:32,756 [http-bio-8080-exec-8] DEBUG ROOT - Incoming message from http://localhost:9005/
2015-11-09 16:19:32,756 [http-bio-8080-exec-8] DEBUG ROOT - ReferenceError: y is not defined
2015-11-09 16:19:32,756 [http-bio-8080-exec-8] DEBUG ROOT -     at bar (http://localhost:9005/scripts/controllers/causeerror.js:25:15)
2015-11-09 16:19:32,756 [http-bio-8080-exec-8] DEBUG ROOT -     at foo (http://localhost:9005/scripts/controllers/causeerror.js:28:7)
2015-11-09 16:19:32,756 [http-bio-8080-exec-8] DEBUG ROOT -     at Scope.$scope.causeError (http://localhost:9005/scripts/controllers/causeerror.js:18:7)
2015-11-09 16:19:32,756 [http-bio-8080-exec-8] DEBUG ROOT -     at fn (eval at <anonymous> (http://localhost:9005/bower_components/angular/angular.js:13275:15), <anonymous>:4:221)
2015-11-09 16:19:32,756 [http-bio-8080-exec-8] DEBUG ROOT -     at callback (http://localhost:9005/bower_components/angular/angular.js:23481:17)
2015-11-09 16:19:32,756 [http-bio-8080-exec-8] DEBUG ROOT -     at Scope.$eval (http://localhost:9005/bower_components/angular/angular.js:15922:28)
2015-11-09 16:19:32,756 [http-bio-8080-exec-8] DEBUG ROOT -     at Scope.$apply (http://localhost:9005/bower_components/angular/angular.js:16022:25)
2015-11-09 16:19:32,756 [http-bio-8080-exec-8] DEBUG ROOT -     at HTMLButtonElement.<anonymous> (http://localhost:9005/bower_components/angular/angular.js:23486:23)
2015-11-09 16:19:32,756 [http-bio-8080-exec-8] DEBUG ROOT -     at HTMLButtonElement.eventHandler (http://localhost:9005/bower_components/angular/angular.js:3296:21)
2015-11-09 16:19:32,876 [http-bio-8080-exec-8] DEBUG ROOT - Incoming message from http://localhost:9005/
2015-11-09 16:19:32,876 [http-bio-8080-exec-8] DEBUG ROOT - ReferenceError: y is not defined
2015-11-09 16:19:32,876 [http-bio-8080-exec-8] DEBUG ROOT -     at bar (http://localhost:9005/scripts/controllers/causeerror.js:25:15)
2015-11-09 16:19:32,876 [http-bio-8080-exec-8] DEBUG ROOT -     at foo (http://localhost:9005/scripts/controllers/causeerror.js:28:7)
2015-11-09 16:19:32,876 [http-bio-8080-exec-8] DEBUG ROOT -     at Scope.$scope.causeError (http://localhost:9005/scripts/controllers/causeerror.js:18:7)
2015-11-09 16:19:32,876 [http-bio-8080-exec-8] DEBUG ROOT -     at fn (eval at <anonymous> (http://localhost:9005/bower_components/angular/angular.js:13275:15), <anonymous>:4:221)
2015-11-09 16:19:32,877 [http-bio-8080-exec-8] DEBUG ROOT -     at callback (http://localhost:9005/bower_components/angular/angular.js:23481:17)
2015-11-09 16:19:32,877 [http-bio-8080-exec-8] DEBUG ROOT -     at Scope.$eval (http://localhost:9005/bower_components/angular/angular.js:15922:28)
2015-11-09 16:19:32,877 [http-bio-8080-exec-8] DEBUG ROOT -     at Scope.$apply (http://localhost:9005/bower_components/angular/angular.js:16022:25)
2015-11-09 16:19:32,877 [http-bio-8080-exec-8] DEBUG ROOT -     at HTMLButtonElement.<anonymous> (http://localhost:9005/bower_components/angular/angular.js:23486:23)
2015-11-09 16:19:32,877 [http-bio-8080-exec-8] DEBUG ROOT -     at HTMLButtonElement.eventHandler (http://localhost:9005/bower_components/angular/angular.js:3296:21)
2015-11-09 16:19:32,994 [http-bio-8080-exec-9] DEBUG ROOT - Incoming message from http://localhost:9005/
2015-11-09 16:19:32,994 [http-bio-8080-exec-9] DEBUG ROOT - ReferenceError: y is not defined
2015-11-09 16:19:32,994 [http-bio-8080-exec-9] DEBUG ROOT -     at bar (http://localhost:9005/scripts/controllers/causeerror.js:25:15)
2015-11-09 16:19:32,994 [http-bio-8080-exec-9] DEBUG ROOT -     at foo (http://localhost:9005/scripts/controllers/causeerror.js:28:7)
2015-11-09 16:19:32,994 [http-bio-8080-exec-9] DEBUG ROOT -     at Scope.$scope.causeError (http://localhost:9005/scripts/controllers/causeerror.js:18:7)
2015-11-09 16:19:32,994 [http-bio-8080-exec-9] DEBUG ROOT -     at fn (eval at <anonymous> (http://localhost:9005/bower_components/angular/angular.js:13275:15), <anonymous>:4:221)
2015-11-09 16:19:32,994 [http-bio-8080-exec-9] DEBUG ROOT -     at callback (http://localhost:9005/bower_components/angular/angular.js:23481:17)
2015-11-09 16:19:32,994 [http-bio-8080-exec-9] DEBUG ROOT -     at Scope.$eval (http://localhost:9005/bower_components/angular/angular.js:15922:28)
2015-11-09 16:19:32,994 [http-bio-8080-exec-9] DEBUG ROOT -     at Scope.$apply (http://localhost:9005/bower_components/angular/angular.js:16022:25)
2015-11-09 16:19:32,994 [http-bio-8080-exec-9] DEBUG ROOT -     at HTMLButtonElement.<anonymous> (http://localhost:9005/bower_components/angular/angular.js:23486:23)
2015-11-09 16:19:32,994 [http-bio-8080-exec-9] DEBUG ROOT -     at HTMLButtonElement.eventHandler (http://localhost:9005/bower_components/angular/angular.js:3296:21)
2015-11-09 16:19:33,098 [http-bio-8080-exec-9] DEBUG ROOT - Incoming message from http://localhost:9005/
2015-11-09 16:19:33,098 [http-bio-8080-exec-9] DEBUG ROOT - ReferenceError: y is not defined
2015-11-09 16:19:33,098 [http-bio-8080-exec-9] DEBUG ROOT -     at bar (http://localhost:9005/scripts/controllers/causeerror.js:25:15)
2015-11-09 16:19:33,098 [http-bio-8080-exec-9] DEBUG ROOT -     at foo (http://localhost:9005/scripts/controllers/causeerror.js:28:7)
2015-11-09 16:19:33,098 [http-bio-8080-exec-9] DEBUG ROOT -     at Scope.$scope.causeError (http://localhost:9005/scripts/controllers/causeerror.js:18:7)
2015-11-09 16:19:33,098 [http-bio-8080-exec-9] DEBUG ROOT -     at fn (eval at <anonymous> (http://localhost:9005/bower_components/angular/angular.js:13275:15), <anonymous>:4:221)
2015-11-09 16:19:33,098 [http-bio-8080-exec-9] DEBUG ROOT -     at callback (http://localhost:9005/bower_components/angular/angular.js:23481:17)
2015-11-09 16:19:33,098 [http-bio-8080-exec-9] DEBUG ROOT -     at Scope.$eval (http://localhost:9005/bower_components/angular/angular.js:15922:28)
2015-11-09 16:19:33,098 [http-bio-8080-exec-9] DEBUG ROOT -     at Scope.$apply (http://localhost:9005/bower_components/angular/angular.js:16022:25)
2015-11-09 16:19:33,098 [http-bio-8080-exec-9] DEBUG ROOT -     at HTMLButtonElement.<anonymous> (http://localhost:9005/bower_components/angular/angular.js:23486:23)
2015-11-09 16:19:33,098 [http-bio-8080-exec-9] DEBUG ROOT -     at HTMLButtonElement.eventHandler (http://localhost:9005/bower_components/angular/angular.js:3296:21)
2015-11-09 16:19:33,222 [http-bio-8080-exec-9] DEBUG ROOT - Incoming message from http://localhost:9005/
2015-11-09 16:19:33,223 [http-bio-8080-exec-9] DEBUG ROOT - ReferenceError: y is not defined
2015-11-09 16:19:33,223 [http-bio-8080-exec-9] DEBUG ROOT -     at bar (http://localhost:9005/scripts/controllers/causeerror.js:25:15)
2015-11-09 16:19:33,223 [http-bio-8080-exec-9] DEBUG ROOT -     at foo (http://localhost:9005/scripts/controllers/causeerror.js:28:7)
2015-11-09 16:19:33,223 [http-bio-8080-exec-9] DEBUG ROOT -     at Scope.$scope.causeError (http://localhost:9005/scripts/controllers/causeerror.js:18:7)
2015-11-09 16:19:33,223 [http-bio-8080-exec-9] DEBUG ROOT -     at fn (eval at <anonymous> (http://localhost:9005/bower_components/angular/angular.js:13275:15), <anonymous>:4:221)
2015-11-09 16:19:33,223 [http-bio-8080-exec-9] DEBUG ROOT -     at callback (http://localhost:9005/bower_components/angular/angular.js:23481:17)
2015-11-09 16:19:33,223 [http-bio-8080-exec-9] DEBUG ROOT -     at Scope.$eval (http://localhost:9005/bower_components/angular/angular.js:15922:28)
2015-11-09 16:19:33,223 [http-bio-8080-exec-9] DEBUG ROOT -     at Scope.$apply (http://localhost:9005/bower_components/angular/angular.js:16022:25)
2015-11-09 16:19:33,223 [http-bio-8080-exec-9] DEBUG ROOT -     at HTMLButtonElement.<anonymous> (http://localhost:9005/bower_components/angular/angular.js:23486:23)
2015-11-09 16:19:33,223 [http-bio-8080-exec-9] DEBUG ROOT -     at HTMLButtonElement.eventHandler (http://localhost:9005/bower_components/angular/angular.js:3296:21)
2015-11-09 16:19:33,348 [http-bio-8080-exec-9] DEBUG ROOT - Incoming message from http://localhost:9005/
2015-11-09 16:19:33,351 [http-bio-8080-exec-9] DEBUG ROOT - ReferenceError: y is not defined
2015-11-09 16:19:33,352 [http-bio-8080-exec-9] DEBUG ROOT -     at bar (http://localhost:9005/scripts/controllers/causeerror.js:25:15)
2015-11-09 16:19:33,352 [http-bio-8080-exec-9] DEBUG ROOT -     at foo (http://localhost:9005/scripts/controllers/causeerror.js:28:7)
2015-11-09 16:19:33,352 [http-bio-8080-exec-9] DEBUG ROOT -     at Scope.$scope.causeError (http://localhost:9005/scripts/controllers/causeerror.js:18:7)
2015-11-09 16:19:33,352 [http-bio-8080-exec-9] DEBUG ROOT -     at fn (eval at <anonymous> (http://localhost:9005/bower_components/angular/angular.js:13275:15), <anonymous>:4:221)
2015-11-09 16:19:33,352 [http-bio-8080-exec-9] DEBUG ROOT -     at callback (http://localhost:9005/bower_components/angular/angular.js:23481:17)
2015-11-09 16:19:33,352 [http-bio-8080-exec-9] DEBUG ROOT -     at Scope.$eval (http://localhost:9005/bower_components/angular/angular.js:15922:28)
2015-11-09 16:19:33,352 [http-bio-8080-exec-9] DEBUG ROOT -     at Scope.$apply (http://localhost:9005/bower_components/angular/angular.js:16022:25)
2015-11-09 16:19:33,352 [http-bio-8080-exec-9] DEBUG ROOT -     at HTMLButtonElement.<anonymous> (http://localhost:9005/bower_components/angular/angular.js:23486:23)
2015-11-09 16:19:33,352 [http-bio-8080-exec-9] DEBUG ROOT -     at HTMLButtonElement.eventHandler (http://localhost:9005/bower_components/angular/angular.js:3296:21)
2015-11-09 16:19:35,087 [http-bio-8080-exec-9] DEBUG ROOT - Incoming message from js client line[15], message [Uncaught SyntaxError: AutoGeneratedError]
2015-11-09 16:19:35,330 [http-bio-8080-exec-8] DEBUG ROOT - Incoming message from js client line[15], message [Uncaught SyntaxError: AutoGeneratedError]
2015-11-09 16:19:35,560 [http-bio-8080-exec-5] DEBUG ROOT - Incoming message from js client line[15], message [Uncaught SyntaxError: AutoGeneratedError]
2015-11-09 16:19:35,760 [http-bio-8080-exec-5] DEBUG ROOT - Incoming message from js client line[15], message [Uncaught SyntaxError: AutoGeneratedError]
2015-11-09 16:20:48,514 [http-bio-8080-exec-10] DEBUG ROOT - Incoming message from js client line[15], message [Uncaught SyntaxError: AutoGeneratedError]
2015-11-09 16:20:48,761 [http-bio-8080-exec-10] DEBUG ROOT - Incoming message from js client line[15], message [Uncaught SyntaxError: AutoGeneratedError]
2015-11-09 16:20:48,974 [http-bio-8080-exec-10] DEBUG ROOT - Incoming message from js client line[15], message [Uncaught SyntaxError: AutoGeneratedError]
2015-11-09 16:21:25,535 [http-bio-8080-exec-10] DEBUG ROOT - Incoming message from js client line[15], message [Uncaught SyntaxError: AutoGeneratedError]
2015-11-09 16:21:25,737 [http-bio-8080-exec-10] DEBUG ROOT - Incoming message from js client line[15], message [Uncaught SyntaxError: AutoGeneratedError]
2015-11-09 16:21:25,990 [http-bio-8080-exec-10] DEBUG ROOT - Incoming message from js client line[15], message [Uncaught SyntaxError: AutoGeneratedError]
2015-11-09 16:21:26,180 [http-bio-8080-exec-10] DEBUG ROOT - Incoming message from js client line[15], message [Uncaught SyntaxError: AutoGeneratedError]
2015-11-09 16:22:26,034 [http-bio-8080-exec-4] DEBUG ROOT - Incoming message from js client line[15], message [Uncaught SyntaxError: AutoGeneratedError]
2015-11-09 16:22:26,036 [http-bio-8080-exec-6] DEBUG ROOT - Incoming message from js client line[15], message [Uncaught SyntaxError: AutoGeneratedError]
2015-11-09 16:22:26,064 [http-bio-8080-exec-5] DEBUG ROOT - Incoming message from js client line[15], message [Uncaught SyntaxError: AutoGeneratedError]
2015-11-09 16:22:26,179 [http-bio-8080-exec-8] DEBUG ROOT - Incoming message from js client line[15], message [Uncaught SyntaxError: AutoGeneratedError]
2015-11-09 16:22:26,323 [http-bio-8080-exec-8] DEBUG ROOT - Incoming message from js client line[15], message [Uncaught SyntaxError: AutoGeneratedError]
2015-11-09 16:22:26,458 [http-bio-8080-exec-8] DEBUG ROOT - Incoming message from js client line[15], message [Uncaught SyntaxError: AutoGeneratedError]
2015-11-09 16:22:27,836 [http-bio-8080-exec-8] DEBUG ROOT - Incoming message from http://localhost:9005/
2015-11-09 16:22:27,837 [http-bio-8080-exec-8] DEBUG ROOT - ReferenceError: y is not defined
2015-11-09 16:22:27,837 [http-bio-8080-exec-8] DEBUG ROOT -     at bar (http://localhost:9005/scripts/controllers/causeerror.js:25:15)
2015-11-09 16:22:27,837 [http-bio-8080-exec-8] DEBUG ROOT -     at foo (http://localhost:9005/scripts/controllers/causeerror.js:28:7)
2015-11-09 16:22:27,837 [http-bio-8080-exec-8] DEBUG ROOT -     at Scope.$scope.causeError (http://localhost:9005/scripts/controllers/causeerror.js:18:7)
2015-11-09 16:22:27,837 [http-bio-8080-exec-8] DEBUG ROOT -     at fn (eval at <anonymous> (http://localhost:9005/bower_components/angular/angular.js:13275:15), <anonymous>:4:221)
2015-11-09 16:22:27,837 [http-bio-8080-exec-8] DEBUG ROOT -     at callback (http://localhost:9005/bower_components/angular/angular.js:23481:17)
2015-11-09 16:22:27,837 [http-bio-8080-exec-8] DEBUG ROOT -     at Scope.$eval (http://localhost:9005/bower_components/angular/angular.js:15922:28)
2015-11-09 16:22:27,837 [http-bio-8080-exec-8] DEBUG ROOT -     at Scope.$apply (http://localhost:9005/bower_components/angular/angular.js:16022:25)
2015-11-09 16:22:27,837 [http-bio-8080-exec-8] DEBUG ROOT -     at HTMLButtonElement.<anonymous> (http://localhost:9005/bower_components/angular/angular.js:23486:23)
2015-11-09 16:22:27,837 [http-bio-8080-exec-8] DEBUG ROOT -     at HTMLButtonElement.eventHandler (http://localhost:9005/bower_components/angular/angular.js:3296:21)
2015-11-09 16:22:28,060 [http-bio-8080-exec-7] DEBUG ROOT - Incoming message from http://localhost:9005/
2015-11-09 16:22:28,060 [http-bio-8080-exec-7] DEBUG ROOT - ReferenceError: y is not defined
2015-11-09 16:22:28,060 [http-bio-8080-exec-7] DEBUG ROOT -     at bar (http://localhost:9005/scripts/controllers/causeerror.js:25:15)
2015-11-09 16:22:28,060 [http-bio-8080-exec-7] DEBUG ROOT -     at foo (http://localhost:9005/scripts/controllers/causeerror.js:28:7)
2015-11-09 16:22:28,060 [http-bio-8080-exec-7] DEBUG ROOT -     at Scope.$scope.causeError (http://localhost:9005/scripts/controllers/causeerror.js:18:7)
2015-11-09 16:22:28,060 [http-bio-8080-exec-7] DEBUG ROOT -     at fn (eval at <anonymous> (http://localhost:9005/bower_components/angular/angular.js:13275:15), <anonymous>:4:221)
2015-11-09 16:22:28,060 [http-bio-8080-exec-7] DEBUG ROOT -     at callback (http://localhost:9005/bower_components/angular/angular.js:23481:17)
2015-11-09 16:22:28,060 [http-bio-8080-exec-7] DEBUG ROOT -     at Scope.$eval (http://localhost:9005/bower_components/angular/angular.js:15922:28)
2015-11-09 16:22:28,060 [http-bio-8080-exec-7] DEBUG ROOT -     at Scope.$apply (http://localhost:9005/bower_components/angular/angular.js:16022:25)
2015-11-09 16:22:28,060 [http-bio-8080-exec-7] DEBUG ROOT -     at HTMLButtonElement.<anonymous> (http://localhost:9005/bower_components/angular/angular.js:23486:23)
2015-11-09 16:22:28,060 [http-bio-8080-exec-7] DEBUG ROOT -     at HTMLButtonElement.eventHandler (http://localhost:9005/bower_components/angular/angular.js:3296:21)
2015-11-09 16:22:28,257 [http-bio-8080-exec-5] DEBUG ROOT - Incoming message from http://localhost:9005/
2015-11-09 16:22:28,257 [http-bio-8080-exec-5] DEBUG ROOT - ReferenceError: y is not defined
2015-11-09 16:22:28,257 [http-bio-8080-exec-5] DEBUG ROOT -     at bar (http://localhost:9005/scripts/controllers/causeerror.js:25:15)
2015-11-09 16:22:28,257 [http-bio-8080-exec-5] DEBUG ROOT -     at foo (http://localhost:9005/scripts/controllers/causeerror.js:28:7)
2015-11-09 16:22:28,257 [http-bio-8080-exec-5] DEBUG ROOT -     at Scope.$scope.causeError (http://localhost:9005/scripts/controllers/causeerror.js:18:7)
2015-11-09 16:22:28,257 [http-bio-8080-exec-5] DEBUG ROOT -     at fn (eval at <anonymous> (http://localhost:9005/bower_components/angular/angular.js:13275:15), <anonymous>:4:221)
2015-11-09 16:22:28,257 [http-bio-8080-exec-5] DEBUG ROOT -     at callback (http://localhost:9005/bower_components/angular/angular.js:23481:17)
2015-11-09 16:22:28,257 [http-bio-8080-exec-5] DEBUG ROOT -     at Scope.$eval (http://localhost:9005/bower_components/angular/angular.js:15922:28)
2015-11-09 16:22:28,257 [http-bio-8080-exec-5] DEBUG ROOT -     at Scope.$apply (http://localhost:9005/bower_components/angular/angular.js:16022:25)
2015-11-09 16:22:28,257 [http-bio-8080-exec-5] DEBUG ROOT -     at HTMLButtonElement.<anonymous> (http://localhost:9005/bower_components/angular/angular.js:23486:23)
2015-11-09 16:22:28,257 [http-bio-8080-exec-5] DEBUG ROOT -     at HTMLButtonElement.eventHandler (http://localhost:9005/bower_components/angular/angular.js:3296:21)
2015-11-09 16:22:28,520 [http-bio-8080-exec-5] DEBUG ROOT - Incoming message from http://localhost:9005/
2015-11-09 16:22:28,520 [http-bio-8080-exec-5] DEBUG ROOT - ReferenceError: y is not defined
2015-11-09 16:22:28,520 [http-bio-8080-exec-5] DEBUG ROOT -     at bar (http://localhost:9005/scripts/controllers/causeerror.js:25:15)
2015-11-09 16:22:28,520 [http-bio-8080-exec-5] DEBUG ROOT -     at foo (http://localhost:9005/scripts/controllers/causeerror.js:28:7)
2015-11-09 16:22:28,520 [http-bio-8080-exec-5] DEBUG ROOT -     at Scope.$scope.causeError (http://localhost:9005/scripts/controllers/causeerror.js:18:7)
2015-11-09 16:22:28,520 [http-bio-8080-exec-5] DEBUG ROOT -     at fn (eval at <anonymous> (http://localhost:9005/bower_components/angular/angular.js:13275:15), <anonymous>:4:221)
2015-11-09 16:22:28,520 [http-bio-8080-exec-5] DEBUG ROOT -     at callback (http://localhost:9005/bower_components/angular/angular.js:23481:17)
2015-11-09 16:22:28,520 [http-bio-8080-exec-5] DEBUG ROOT -     at Scope.$eval (http://localhost:9005/bower_components/angular/angular.js:15922:28)
2015-11-09 16:22:28,520 [http-bio-8080-exec-5] DEBUG ROOT -     at Scope.$apply (http://localhost:9005/bower_components/angular/angular.js:16022:25)
2015-11-09 16:22:28,520 [http-bio-8080-exec-5] DEBUG ROOT -     at HTMLButtonElement.<anonymous> (http://localhost:9005/bower_components/angular/angular.js:23486:23)
2015-11-09 16:22:28,520 [http-bio-8080-exec-5] DEBUG ROOT -     at HTMLButtonElement.eventHandler (http://localhost:9005/bower_components/angular/angular.js:3296:21)
2015-11-09 16:22:28,786 [http-bio-8080-exec-5] DEBUG ROOT - Incoming message from http://localhost:9005/
2015-11-09 16:22:28,786 [http-bio-8080-exec-5] DEBUG ROOT - ReferenceError: y is not defined
2015-11-09 16:22:28,787 [http-bio-8080-exec-5] DEBUG ROOT -     at bar (http://localhost:9005/scripts/controllers/causeerror.js:25:15)
2015-11-09 16:22:28,787 [http-bio-8080-exec-5] DEBUG ROOT -     at foo (http://localhost:9005/scripts/controllers/causeerror.js:28:7)
2015-11-09 16:22:28,787 [http-bio-8080-exec-5] DEBUG ROOT -     at Scope.$scope.causeError (http://localhost:9005/scripts/controllers/causeerror.js:18:7)
2015-11-09 16:22:28,787 [http-bio-8080-exec-5] DEBUG ROOT -     at fn (eval at <anonymous> (http://localhost:9005/bower_components/angular/angular.js:13275:15), <anonymous>:4:221)
2015-11-09 16:22:28,787 [http-bio-8080-exec-5] DEBUG ROOT -     at callback (http://localhost:9005/bower_components/angular/angular.js:23481:17)
2015-11-09 16:22:28,787 [http-bio-8080-exec-5] DEBUG ROOT -     at Scope.$eval (http://localhost:9005/bower_components/angular/angular.js:15922:28)
2015-11-09 16:22:28,787 [http-bio-8080-exec-5] DEBUG ROOT -     at Scope.$apply (http://localhost:9005/bower_components/angular/angular.js:16022:25)
2015-11-09 16:22:28,787 [http-bio-8080-exec-5] DEBUG ROOT -     at HTMLButtonElement.<anonymous> (http://localhost:9005/bower_components/angular/angular.js:23486:23)
2015-11-09 16:22:28,787 [http-bio-8080-exec-5] DEBUG ROOT -     at HTMLButtonElement.eventHandler (http://localhost:9005/bower_components/angular/angular.js:3296:21)
2015-11-09 16:22:29,004 [http-bio-8080-exec-5] DEBUG ROOT - Incoming message from http://localhost:9005/
2015-11-09 16:22:29,005 [http-bio-8080-exec-5] DEBUG ROOT - ReferenceError: y is not defined
2015-11-09 16:22:29,005 [http-bio-8080-exec-5] DEBUG ROOT -     at bar (http://localhost:9005/scripts/controllers/causeerror.js:25:15)
2015-11-09 16:22:29,005 [http-bio-8080-exec-5] DEBUG ROOT -     at foo (http://localhost:9005/scripts/controllers/causeerror.js:28:7)
2015-11-09 16:22:29,005 [http-bio-8080-exec-5] DEBUG ROOT -     at Scope.$scope.causeError (http://localhost:9005/scripts/controllers/causeerror.js:18:7)
2015-11-09 16:22:29,005 [http-bio-8080-exec-5] DEBUG ROOT -     at fn (eval at <anonymous> (http://localhost:9005/bower_components/angular/angular.js:13275:15), <anonymous>:4:221)
2015-11-09 16:22:29,005 [http-bio-8080-exec-5] DEBUG ROOT -     at callback (http://localhost:9005/bower_components/angular/angular.js:23481:17)
2015-11-09 16:22:29,005 [http-bio-8080-exec-5] DEBUG ROOT -     at Scope.$eval (http://localhost:9005/bower_components/angular/angular.js:15922:28)
2015-11-09 16:22:29,005 [http-bio-8080-exec-5] DEBUG ROOT -     at Scope.$apply (http://localhost:9005/bower_components/angular/angular.js:16022:25)
2015-11-09 16:22:29,005 [http-bio-8080-exec-5] DEBUG ROOT -     at HTMLButtonElement.<anonymous> (http://localhost:9005/bower_components/angular/angular.js:23486:23)
2015-11-09 16:22:29,005 [http-bio-8080-exec-5] DEBUG ROOT -     at HTMLButtonElement.eventHandler (http://localhost:9005/bower_components/angular/angular.js:3296:21)
2015-11-09 16:22:29,168 [http-bio-8080-exec-5] DEBUG ROOT - Incoming message from http://localhost:9005/
2015-11-09 16:22:29,168 [http-bio-8080-exec-5] DEBUG ROOT - ReferenceError: y is not defined
2015-11-09 16:22:29,168 [http-bio-8080-exec-5] DEBUG ROOT -     at bar (http://localhost:9005/scripts/controllers/causeerror.js:25:15)
2015-11-09 16:22:29,168 [http-bio-8080-exec-5] DEBUG ROOT -     at foo (http://localhost:9005/scripts/controllers/causeerror.js:28:7)
2015-11-09 16:22:29,168 [http-bio-8080-exec-5] DEBUG ROOT -     at Scope.$scope.causeError (http://localhost:9005/scripts/controllers/causeerror.js:18:7)
2015-11-09 16:22:29,168 [http-bio-8080-exec-5] DEBUG ROOT -     at fn (eval at <anonymous> (http://localhost:9005/bower_components/angular/angular.js:13275:15), <anonymous>:4:221)
2015-11-09 16:22:29,168 [http-bio-8080-exec-5] DEBUG ROOT -     at callback (http://localhost:9005/bower_components/angular/angular.js:23481:17)
2015-11-09 16:22:29,168 [http-bio-8080-exec-5] DEBUG ROOT -     at Scope.$eval (http://localhost:9005/bower_components/angular/angular.js:15922:28)
2015-11-09 16:22:29,168 [http-bio-8080-exec-5] DEBUG ROOT -     at Scope.$apply (http://localhost:9005/bower_components/angular/angular.js:16022:25)
2015-11-09 16:22:29,168 [http-bio-8080-exec-5] DEBUG ROOT -     at HTMLButtonElement.<anonymous> (http://localhost:9005/bower_components/angular/angular.js:23486:23)
2015-11-09 16:22:29,168 [http-bio-8080-exec-5] DEBUG ROOT -     at HTMLButtonElement.eventHandler (http://localhost:9005/bower_components/angular/angular.js:3296:21)
2015-11-09 16:22:29,355 [http-bio-8080-exec-5] DEBUG ROOT - Incoming message from http://localhost:9005/
2015-11-09 16:22:29,356 [http-bio-8080-exec-5] DEBUG ROOT - ReferenceError: y is not defined
2015-11-09 16:22:29,356 [http-bio-8080-exec-5] DEBUG ROOT -     at bar (http://localhost:9005/scripts/controllers/causeerror.js:25:15)
2015-11-09 16:22:29,356 [http-bio-8080-exec-5] DEBUG ROOT -     at foo (http://localhost:9005/scripts/controllers/causeerror.js:28:7)
2015-11-09 16:22:29,356 [http-bio-8080-exec-5] DEBUG ROOT -     at Scope.$scope.causeError (http://localhost:9005/scripts/controllers/causeerror.js:18:7)
2015-11-09 16:22:29,356 [http-bio-8080-exec-5] DEBUG ROOT -     at fn (eval at <anonymous> (http://localhost:9005/bower_components/angular/angular.js:13275:15), <anonymous>:4:221)
2015-11-09 16:22:29,356 [http-bio-8080-exec-5] DEBUG ROOT -     at callback (http://localhost:9005/bower_components/angular/angular.js:23481:17)
2015-11-09 16:22:29,356 [http-bio-8080-exec-5] DEBUG ROOT -     at Scope.$eval (http://localhost:9005/bower_components/angular/angular.js:15922:28)
2015-11-09 16:22:29,356 [http-bio-8080-exec-5] DEBUG ROOT -     at Scope.$apply (http://localhost:9005/bower_components/angular/angular.js:16022:25)
2015-11-09 16:22:29,356 [http-bio-8080-exec-5] DEBUG ROOT -     at HTMLButtonElement.<anonymous> (http://localhost:9005/bower_components/angular/angular.js:23486:23)
2015-11-09 16:22:29,356 [http-bio-8080-exec-5] DEBUG ROOT -     at HTMLButtonElement.eventHandler (http://localhost:9005/bower_components/angular/angular.js:3296:21)
2015-11-09 16:22:29,517 [http-bio-8080-exec-5] DEBUG ROOT - Incoming message from http://localhost:9005/
2015-11-09 16:22:29,517 [http-bio-8080-exec-5] DEBUG ROOT - ReferenceError: y is not defined
2015-11-09 16:22:29,517 [http-bio-8080-exec-5] DEBUG ROOT -     at bar (http://localhost:9005/scripts/controllers/causeerror.js:25:15)
2015-11-09 16:22:29,517 [http-bio-8080-exec-5] DEBUG ROOT -     at foo (http://localhost:9005/scripts/controllers/causeerror.js:28:7)
2015-11-09 16:22:29,517 [http-bio-8080-exec-5] DEBUG ROOT -     at Scope.$scope.causeError (http://localhost:9005/scripts/controllers/causeerror.js:18:7)
2015-11-09 16:22:29,517 [http-bio-8080-exec-5] DEBUG ROOT -     at fn (eval at <anonymous> (http://localhost:9005/bower_components/angular/angular.js:13275:15), <anonymous>:4:221)
2015-11-09 16:22:29,517 [http-bio-8080-exec-5] DEBUG ROOT -     at callback (http://localhost:9005/bower_components/angular/angular.js:23481:17)
2015-11-09 16:22:29,517 [http-bio-8080-exec-5] DEBUG ROOT -     at Scope.$eval (http://localhost:9005/bower_components/angular/angular.js:15922:28)
2015-11-09 16:22:29,517 [http-bio-8080-exec-5] DEBUG ROOT -     at Scope.$apply (http://localhost:9005/bower_components/angular/angular.js:16022:25)
2015-11-09 16:22:29,517 [http-bio-8080-exec-5] DEBUG ROOT -     at HTMLButtonElement.<anonymous> (http://localhost:9005/bower_components/angular/angular.js:23486:23)
2015-11-09 16:22:29,517 [http-bio-8080-exec-5] DEBUG ROOT -     at HTMLButtonElement.eventHandler (http://localhost:9005/bower_components/angular/angular.js:3296:21)
2015-11-09 16:22:29,712 [http-bio-8080-exec-9] DEBUG ROOT - Incoming message from http://localhost:9005/
2015-11-09 16:22:29,712 [http-bio-8080-exec-9] DEBUG ROOT - ReferenceError: y is not defined
2015-11-09 16:22:29,713 [http-bio-8080-exec-9] DEBUG ROOT -     at bar (http://localhost:9005/scripts/controllers/causeerror.js:25:15)
2015-11-09 16:22:29,713 [http-bio-8080-exec-9] DEBUG ROOT -     at foo (http://localhost:9005/scripts/controllers/causeerror.js:28:7)
2015-11-09 16:22:29,713 [http-bio-8080-exec-9] DEBUG ROOT -     at Scope.$scope.causeError (http://localhost:9005/scripts/controllers/causeerror.js:18:7)
2015-11-09 16:22:29,713 [http-bio-8080-exec-9] DEBUG ROOT -     at fn (eval at <anonymous> (http://localhost:9005/bower_components/angular/angular.js:13275:15), <anonymous>:4:221)
2015-11-09 16:22:29,713 [http-bio-8080-exec-9] DEBUG ROOT -     at callback (http://localhost:9005/bower_components/angular/angular.js:23481:17)
2015-11-09 16:22:29,713 [http-bio-8080-exec-9] DEBUG ROOT -     at Scope.$eval (http://localhost:9005/bower_components/angular/angular.js:15922:28)
2015-11-09 16:22:29,713 [http-bio-8080-exec-9] DEBUG ROOT -     at Scope.$apply (http://localhost:9005/bower_components/angular/angular.js:16022:25)
2015-11-09 16:22:29,713 [http-bio-8080-exec-9] DEBUG ROOT -     at HTMLButtonElement.<anonymous> (http://localhost:9005/bower_components/angular/angular.js:23486:23)
2015-11-09 16:22:29,713 [http-bio-8080-exec-9] DEBUG ROOT -     at HTMLButtonElement.eventHandler (http://localhost:9005/bower_components/angular/angular.js:3296:21)
2015-11-09 16:22:29,872 [http-bio-8080-exec-9] DEBUG ROOT - Incoming message from http://localhost:9005/
2015-11-09 16:22:29,872 [http-bio-8080-exec-9] DEBUG ROOT - ReferenceError: y is not defined
2015-11-09 16:22:29,873 [http-bio-8080-exec-9] DEBUG ROOT -     at bar (http://localhost:9005/scripts/controllers/causeerror.js:25:15)
2015-11-09 16:22:29,873 [http-bio-8080-exec-9] DEBUG ROOT -     at foo (http://localhost:9005/scripts/controllers/causeerror.js:28:7)
2015-11-09 16:22:29,873 [http-bio-8080-exec-9] DEBUG ROOT -     at Scope.$scope.causeError (http://localhost:9005/scripts/controllers/causeerror.js:18:7)
2015-11-09 16:22:29,873 [http-bio-8080-exec-9] DEBUG ROOT -     at fn (eval at <anonymous> (http://localhost:9005/bower_components/angular/angular.js:13275:15), <anonymous>:4:221)
2015-11-09 16:22:29,873 [http-bio-8080-exec-9] DEBUG ROOT -     at callback (http://localhost:9005/bower_components/angular/angular.js:23481:17)
2015-11-09 16:22:29,873 [http-bio-8080-exec-9] DEBUG ROOT -     at Scope.$eval (http://localhost:9005/bower_components/angular/angular.js:15922:28)
2015-11-09 16:22:29,873 [http-bio-8080-exec-9] DEBUG ROOT -     at Scope.$apply (http://localhost:9005/bower_components/angular/angular.js:16022:25)
2015-11-09 16:22:29,873 [http-bio-8080-exec-9] DEBUG ROOT -     at HTMLButtonElement.<anonymous> (http://localhost:9005/bower_components/angular/angular.js:23486:23)
2015-11-09 16:22:29,873 [http-bio-8080-exec-9] DEBUG ROOT -     at HTMLButtonElement.eventHandler (http://localhost:9005/bower_components/angular/angular.js:3296:21)
2015-11-09 16:22:31,668 [http-bio-8080-exec-6] DEBUG ROOT - Incoming message from js client line[15], message [Uncaught SyntaxError: AutoGeneratedError]
2015-11-09 16:22:31,900 [http-bio-8080-exec-6] DEBUG ROOT - Incoming message from js client line[15], message [Uncaught SyntaxError: AutoGeneratedError]
2015-11-09 16:22:32,130 [http-bio-8080-exec-6] DEBUG ROOT - Incoming message from js client line[15], message [Uncaught SyntaxError: AutoGeneratedError]
2015-11-09 16:23:19,656 [http-bio-8080-exec-6] DEBUG ROOT - Incoming message from js client line[15], message [Uncaught SyntaxError: AutoGeneratedError]
2015-11-09 16:23:19,912 [http-bio-8080-exec-6] DEBUG ROOT - Incoming message from js client line[15], message [Uncaught SyntaxError: AutoGeneratedError]
2015-11-09 16:23:20,143 [http-bio-8080-exec-8] DEBUG ROOT - Incoming message from js client line[15], message [Uncaught SyntaxError: AutoGeneratedError]
2015-11-09 16:23:20,230 [http-bio-8080-exec-7] DEBUG ROOT - Incoming message from js client line[15], message [Uncaught SyntaxError: AutoGeneratedError]
2015-11-09 16:23:45,569 [http-bio-8080-exec-1] DEBUG ROOT - Incoming message from js client line[15], message [Uncaught SyntaxError: AutoGeneratedError]
2015-11-09 16:23:45,819 [http-bio-8080-exec-1] DEBUG ROOT - Incoming message from js client line[15], message [Uncaught SyntaxError: AutoGeneratedError]
2015-11-09 16:23:46,116 [http-bio-8080-exec-1] DEBUG ROOT - Incoming message from js client line[15], message [Uncaught SyntaxError: AutoGeneratedError]
2015-11-09 16:23:47,865 [http-bio-8080-exec-1] DEBUG ROOT - Incoming message from http://localhost:9005/
2015-11-09 16:23:47,865 [http-bio-8080-exec-1] DEBUG ROOT - ReferenceError: y is not defined
2015-11-09 16:23:47,865 [http-bio-8080-exec-1] DEBUG ROOT -     at bar (http://localhost:9005/scripts/controllers/causeerror.js:25:15)
2015-11-09 16:23:47,865 [http-bio-8080-exec-1] DEBUG ROOT -     at foo (http://localhost:9005/scripts/controllers/causeerror.js:28:7)
2015-11-09 16:23:47,865 [http-bio-8080-exec-1] DEBUG ROOT -     at Scope.$scope.causeError (http://localhost:9005/scripts/controllers/causeerror.js:18:7)
2015-11-09 16:23:47,865 [http-bio-8080-exec-1] DEBUG ROOT -     at fn (eval at <anonymous> (http://localhost:9005/bower_components/angular/angular.js:13275:15), <anonymous>:4:221)
2015-11-09 16:23:47,865 [http-bio-8080-exec-1] DEBUG ROOT -     at callback (http://localhost:9005/bower_components/angular/angular.js:23481:17)
2015-11-09 16:23:47,865 [http-bio-8080-exec-1] DEBUG ROOT -     at Scope.$eval (http://localhost:9005/bower_components/angular/angular.js:15922:28)
2015-11-09 16:23:47,865 [http-bio-8080-exec-1] DEBUG ROOT -     at Scope.$apply (http://localhost:9005/bower_components/angular/angular.js:16022:25)
2015-11-09 16:23:47,865 [http-bio-8080-exec-1] DEBUG ROOT -     at HTMLButtonElement.<anonymous> (http://localhost:9005/bower_components/angular/angular.js:23486:23)
2015-11-09 16:23:47,865 [http-bio-8080-exec-1] DEBUG ROOT -     at HTMLButtonElement.eventHandler (http://localhost:9005/bower_components/angular/angular.js:3296:21)
2015-11-09 16:23:48,108 [http-bio-8080-exec-1] DEBUG ROOT - Incoming message from http://localhost:9005/
2015-11-09 16:23:48,108 [http-bio-8080-exec-1] DEBUG ROOT - ReferenceError: y is not defined
2015-11-09 16:23:48,108 [http-bio-8080-exec-1] DEBUG ROOT -     at bar (http://localhost:9005/scripts/controllers/causeerror.js:25:15)
2015-11-09 16:23:48,108 [http-bio-8080-exec-1] DEBUG ROOT -     at foo (http://localhost:9005/scripts/controllers/causeerror.js:28:7)
2015-11-09 16:23:48,108 [http-bio-8080-exec-1] DEBUG ROOT -     at Scope.$scope.causeError (http://localhost:9005/scripts/controllers/causeerror.js:18:7)
2015-11-09 16:23:48,108 [http-bio-8080-exec-1] DEBUG ROOT -     at fn (eval at <anonymous> (http://localhost:9005/bower_components/angular/angular.js:13275:15), <anonymous>:4:221)
2015-11-09 16:23:48,108 [http-bio-8080-exec-1] DEBUG ROOT -     at callback (http://localhost:9005/bower_components/angular/angular.js:23481:17)
2015-11-09 16:23:48,108 [http-bio-8080-exec-1] DEBUG ROOT -     at Scope.$eval (http://localhost:9005/bower_components/angular/angular.js:15922:28)
2015-11-09 16:23:48,108 [http-bio-8080-exec-1] DEBUG ROOT -     at Scope.$apply (http://localhost:9005/bower_components/angular/angular.js:16022:25)
2015-11-09 16:23:48,108 [http-bio-8080-exec-1] DEBUG ROOT -     at HTMLButtonElement.<anonymous> (http://localhost:9005/bower_components/angular/angular.js:23486:23)
2015-11-09 16:23:48,108 [http-bio-8080-exec-1] DEBUG ROOT -     at HTMLButtonElement.eventHandler (http://localhost:9005/bower_components/angular/angular.js:3296:21)
2015-11-09 16:23:48,277 [http-bio-8080-exec-1] DEBUG ROOT - Incoming message from http://localhost:9005/
2015-11-09 16:23:48,277 [http-bio-8080-exec-1] DEBUG ROOT - ReferenceError: y is not defined
2015-11-09 16:23:48,277 [http-bio-8080-exec-1] DEBUG ROOT -     at bar (http://localhost:9005/scripts/controllers/causeerror.js:25:15)
2015-11-09 16:23:48,277 [http-bio-8080-exec-1] DEBUG ROOT -     at foo (http://localhost:9005/scripts/controllers/causeerror.js:28:7)
2015-11-09 16:23:48,277 [http-bio-8080-exec-1] DEBUG ROOT -     at Scope.$scope.causeError (http://localhost:9005/scripts/controllers/causeerror.js:18:7)
2015-11-09 16:23:48,277 [http-bio-8080-exec-1] DEBUG ROOT -     at fn (eval at <anonymous> (http://localhost:9005/bower_components/angular/angular.js:13275:15), <anonymous>:4:221)
2015-11-09 16:23:48,277 [http-bio-8080-exec-1] DEBUG ROOT -     at callback (http://localhost:9005/bower_components/angular/angular.js:23481:17)
2015-11-09 16:23:48,277 [http-bio-8080-exec-1] DEBUG ROOT -     at Scope.$eval (http://localhost:9005/bower_components/angular/angular.js:15922:28)
2015-11-09 16:23:48,277 [http-bio-8080-exec-1] DEBUG ROOT -     at Scope.$apply (http://localhost:9005/bower_components/angular/angular.js:16022:25)
2015-11-09 16:23:48,277 [http-bio-8080-exec-1] DEBUG ROOT -     at HTMLButtonElement.<anonymous> (http://localhost:9005/bower_components/angular/angular.js:23486:23)
2015-11-09 16:23:48,277 [http-bio-8080-exec-1] DEBUG ROOT -     at HTMLButtonElement.eventHandler (http://localhost:9005/bower_components/angular/angular.js:3296:21)
2015-11-09 16:24:41,553 [http-bio-8080-exec-1] DEBUG ROOT - Incoming message from http://localhost:9005/
2015-11-09 16:24:41,558 [http-bio-8080-exec-3] DEBUG ROOT - Incoming message from http://localhost:9005/
2015-11-09 16:24:41,562 [http-bio-8080-exec-2] DEBUG ROOT - Incoming message from http://localhost:9005/
2015-11-09 16:24:41,577 [http-bio-8080-exec-5] DEBUG ROOT - Incoming message from http://localhost:9005/
2015-11-09 16:24:41,577 [http-bio-8080-exec-4] DEBUG ROOT - Incoming message from http://localhost:9005/
2015-11-09 16:24:41,579 [http-bio-8080-exec-3] DEBUG ROOT - ReferenceError: y is not defined
2015-11-09 16:24:41,579 [http-bio-8080-exec-1] DEBUG ROOT - ReferenceError: y is not defined
2015-11-09 16:24:41,585 [http-bio-8080-exec-5] DEBUG ROOT - ReferenceError: y is not defined
2015-11-09 16:24:41,586 [http-bio-8080-exec-4] DEBUG ROOT - ReferenceError: y is not defined
2015-11-09 16:24:41,586 [http-bio-8080-exec-3] DEBUG ROOT -     at bar (http://localhost:9005/scripts/controllers/causeerror.js:25:15)
2015-11-09 16:24:41,586 [http-bio-8080-exec-1] DEBUG ROOT -     at bar (http://localhost:9005/scripts/controllers/causeerror.js:25:15)
2015-11-09 16:24:41,586 [http-bio-8080-exec-5] DEBUG ROOT -     at bar (http://localhost:9005/scripts/controllers/causeerror.js:25:15)
2015-11-09 16:24:41,586 [http-bio-8080-exec-4] DEBUG ROOT -     at bar (http://localhost:9005/scripts/controllers/causeerror.js:25:15)
2015-11-09 16:24:41,586 [http-bio-8080-exec-3] DEBUG ROOT -     at foo (http://localhost:9005/scripts/controllers/causeerror.js:28:7)
2015-11-09 16:24:41,586 [http-bio-8080-exec-1] DEBUG ROOT -     at foo (http://localhost:9005/scripts/controllers/causeerror.js:28:7)
2015-11-09 16:24:41,586 [http-bio-8080-exec-5] DEBUG ROOT -     at foo (http://localhost:9005/scripts/controllers/causeerror.js:28:7)
2015-11-09 16:24:41,586 [http-bio-8080-exec-4] DEBUG ROOT -     at foo (http://localhost:9005/scripts/controllers/causeerror.js:28:7)
2015-11-09 16:24:41,586 [http-bio-8080-exec-3] DEBUG ROOT -     at Scope.$scope.causeError (http://localhost:9005/scripts/controllers/causeerror.js:18:7)
2015-11-09 16:24:41,586 [http-bio-8080-exec-1] DEBUG ROOT -     at Scope.$scope.causeError (http://localhost:9005/scripts/controllers/causeerror.js:18:7)
2015-11-09 16:24:41,586 [http-bio-8080-exec-5] DEBUG ROOT -     at Scope.$scope.causeError (http://localhost:9005/scripts/controllers/causeerror.js:18:7)
2015-11-09 16:24:41,586 [http-bio-8080-exec-4] DEBUG ROOT -     at Scope.$scope.causeError (http://localhost:9005/scripts/controllers/causeerror.js:18:7)
2015-11-09 16:24:41,586 [http-bio-8080-exec-3] DEBUG ROOT -     at fn (eval at <anonymous> (http://localhost:9005/bower_components/angular/angular.js:13275:15), <anonymous>:4:221)
2015-11-09 16:24:41,586 [http-bio-8080-exec-1] DEBUG ROOT -     at fn (eval at <anonymous> (http://localhost:9005/bower_components/angular/angular.js:13275:15), <anonymous>:4:221)
2015-11-09 16:24:41,586 [http-bio-8080-exec-5] DEBUG ROOT -     at fn (eval at <anonymous> (http://localhost:9005/bower_components/angular/angular.js:13275:15), <anonymous>:4:221)
2015-11-09 16:24:41,586 [http-bio-8080-exec-4] DEBUG ROOT -     at fn (eval at <anonymous> (http://localhost:9005/bower_components/angular/angular.js:13275:15), <anonymous>:4:221)
2015-11-09 16:24:41,586 [http-bio-8080-exec-3] DEBUG ROOT -     at callback (http://localhost:9005/bower_components/angular/angular.js:23481:17)
2015-11-09 16:24:41,586 [http-bio-8080-exec-1] DEBUG ROOT -     at callback (http://localhost:9005/bower_components/angular/angular.js:23481:17)
2015-11-09 16:24:41,586 [http-bio-8080-exec-5] DEBUG ROOT -     at callback (http://localhost:9005/bower_components/angular/angular.js:23481:17)
2015-11-09 16:24:41,586 [http-bio-8080-exec-4] DEBUG ROOT -     at callback (http://localhost:9005/bower_components/angular/angular.js:23481:17)
2015-11-09 16:24:41,587 [http-bio-8080-exec-3] DEBUG ROOT -     at Scope.$eval (http://localhost:9005/bower_components/angular/angular.js:15922:28)
2015-11-09 16:24:41,587 [http-bio-8080-exec-1] DEBUG ROOT -     at Scope.$eval (http://localhost:9005/bower_components/angular/angular.js:15922:28)
2015-11-09 16:24:41,587 [http-bio-8080-exec-5] DEBUG ROOT -     at Scope.$eval (http://localhost:9005/bower_components/angular/angular.js:15922:28)
2015-11-09 16:24:41,587 [http-bio-8080-exec-4] DEBUG ROOT -     at Scope.$eval (http://localhost:9005/bower_components/angular/angular.js:15922:28)
2015-11-09 16:24:41,587 [http-bio-8080-exec-3] DEBUG ROOT -     at Scope.$apply (http://localhost:9005/bower_components/angular/angular.js:16022:25)
2015-11-09 16:24:41,587 [http-bio-8080-exec-1] DEBUG ROOT -     at Scope.$apply (http://localhost:9005/bower_components/angular/angular.js:16022:25)
2015-11-09 16:24:41,587 [http-bio-8080-exec-5] DEBUG ROOT -     at Scope.$apply (http://localhost:9005/bower_components/angular/angular.js:16022:25)
2015-11-09 16:24:41,587 [http-bio-8080-exec-4] DEBUG ROOT -     at Scope.$apply (http://localhost:9005/bower_components/angular/angular.js:16022:25)
2015-11-09 16:24:41,587 [http-bio-8080-exec-3] DEBUG ROOT -     at HTMLButtonElement.<anonymous> (http://localhost:9005/bower_components/angular/angular.js:23486:23)
2015-11-09 16:24:41,587 [http-bio-8080-exec-1] DEBUG ROOT -     at HTMLButtonElement.<anonymous> (http://localhost:9005/bower_components/angular/angular.js:23486:23)
2015-11-09 16:24:41,587 [http-bio-8080-exec-5] DEBUG ROOT -     at HTMLButtonElement.<anonymous> (http://localhost:9005/bower_components/angular/angular.js:23486:23)
2015-11-09 16:24:41,587 [http-bio-8080-exec-4] DEBUG ROOT -     at HTMLButtonElement.<anonymous> (http://localhost:9005/bower_components/angular/angular.js:23486:23)
2015-11-09 16:24:41,587 [http-bio-8080-exec-3] DEBUG ROOT -     at HTMLButtonElement.eventHandler (http://localhost:9005/bower_components/angular/angular.js:3296:21)
2015-11-09 16:24:41,587 [http-bio-8080-exec-1] DEBUG ROOT -     at HTMLButtonElement.eventHandler (http://localhost:9005/bower_components/angular/angular.js:3296:21)
2015-11-09 16:24:41,587 [http-bio-8080-exec-5] DEBUG ROOT -     at HTMLButtonElement.eventHandler (http://localhost:9005/bower_components/angular/angular.js:3296:21)
2015-11-09 16:24:41,587 [http-bio-8080-exec-4] DEBUG ROOT -     at HTMLButtonElement.eventHandler (http://localhost:9005/bower_components/angular/angular.js:3296:21)
2015-11-09 16:24:41,622 [http-bio-8080-exec-2] DEBUG ROOT - ReferenceError: y is not defined
2015-11-09 16:24:41,623 [http-bio-8080-exec-2] DEBUG ROOT -     at bar (http://localhost:9005/scripts/controllers/causeerror.js:25:15)
2015-11-09 16:24:41,623 [http-bio-8080-exec-2] DEBUG ROOT -     at foo (http://localhost:9005/scripts/controllers/causeerror.js:28:7)
2015-11-09 16:24:41,623 [http-bio-8080-exec-2] DEBUG ROOT -     at Scope.$scope.causeError (http://localhost:9005/scripts/controllers/causeerror.js:18:7)
2015-11-09 16:24:41,623 [http-bio-8080-exec-2] DEBUG ROOT -     at fn (eval at <anonymous> (http://localhost:9005/bower_components/angular/angular.js:13275:15), <anonymous>:4:221)
2015-11-09 16:24:41,623 [http-bio-8080-exec-2] DEBUG ROOT -     at callback (http://localhost:9005/bower_components/angular/angular.js:23481:17)
2015-11-09 16:24:41,623 [http-bio-8080-exec-2] DEBUG ROOT -     at Scope.$eval (http://localhost:9005/bower_components/angular/angular.js:15922:28)
2015-11-09 16:24:41,623 [http-bio-8080-exec-2] DEBUG ROOT -     at Scope.$apply (http://localhost:9005/bower_components/angular/angular.js:16022:25)
2015-11-09 16:24:41,623 [http-bio-8080-exec-2] DEBUG ROOT -     at HTMLButtonElement.<anonymous> (http://localhost:9005/bower_components/angular/angular.js:23486:23)
2015-11-09 16:24:41,623 [http-bio-8080-exec-2] DEBUG ROOT -     at HTMLButtonElement.eventHandler (http://localhost:9005/bower_components/angular/angular.js:3296:21)
2015-11-09 16:24:41,650 [http-bio-8080-exec-7] DEBUG ROOT - Incoming message from http://localhost:9005/
2015-11-09 16:24:41,651 [http-bio-8080-exec-7] DEBUG ROOT - ReferenceError: y is not defined
2015-11-09 16:24:41,651 [http-bio-8080-exec-7] DEBUG ROOT -     at bar (http://localhost:9005/scripts/controllers/causeerror.js:25:15)
2015-11-09 16:24:41,651 [http-bio-8080-exec-7] DEBUG ROOT -     at foo (http://localhost:9005/scripts/controllers/causeerror.js:28:7)
2015-11-09 16:24:41,651 [http-bio-8080-exec-7] DEBUG ROOT -     at Scope.$scope.causeError (http://localhost:9005/scripts/controllers/causeerror.js:18:7)
2015-11-09 16:24:41,651 [http-bio-8080-exec-7] DEBUG ROOT -     at fn (eval at <anonymous> (http://localhost:9005/bower_components/angular/angular.js:13275:15), <anonymous>:4:221)
2015-11-09 16:24:41,651 [http-bio-8080-exec-7] DEBUG ROOT -     at callback (http://localhost:9005/bower_components/angular/angular.js:23481:17)
2015-11-09 16:24:41,651 [http-bio-8080-exec-7] DEBUG ROOT -     at Scope.$eval (http://localhost:9005/bower_components/angular/angular.js:15922:28)
2015-11-09 16:24:41,651 [http-bio-8080-exec-7] DEBUG ROOT -     at Scope.$apply (http://localhost:9005/bower_components/angular/angular.js:16022:25)
2015-11-09 16:24:41,653 [http-bio-8080-exec-7] DEBUG ROOT -     at HTMLButtonElement.<anonymous> (http://localhost:9005/bower_components/angular/angular.js:23486:23)
2015-11-09 16:24:41,658 [http-bio-8080-exec-7] DEBUG ROOT -     at HTMLButtonElement.eventHandler (http://localhost:9005/bower_components/angular/angular.js:3296:21)
2015-11-09 16:24:41,679 [http-bio-8080-exec-5] DEBUG ROOT - Incoming message from http://localhost:9005/
2015-11-09 16:24:41,679 [http-bio-8080-exec-5] DEBUG ROOT - ReferenceError: y is not defined
2015-11-09 16:24:41,679 [http-bio-8080-exec-5] DEBUG ROOT -     at bar (http://localhost:9005/scripts/controllers/causeerror.js:25:15)
2015-11-09 16:24:41,679 [http-bio-8080-exec-5] DEBUG ROOT -     at foo (http://localhost:9005/scripts/controllers/causeerror.js:28:7)
2015-11-09 16:24:41,679 [http-bio-8080-exec-5] DEBUG ROOT -     at Scope.$scope.causeError (http://localhost:9005/scripts/controllers/causeerror.js:18:7)
2015-11-09 16:24:41,679 [http-bio-8080-exec-5] DEBUG ROOT -     at fn (eval at <anonymous> (http://localhost:9005/bower_components/angular/angular.js:13275:15), <anonymous>:4:221)
2015-11-09 16:24:41,680 [http-bio-8080-exec-5] DEBUG ROOT -     at callback (http://localhost:9005/bower_components/angular/angular.js:23481:17)
2015-11-09 16:24:41,680 [http-bio-8080-exec-5] DEBUG ROOT -     at Scope.$eval (http://localhost:9005/bower_components/angular/angular.js:15922:28)
2015-11-09 16:24:41,680 [http-bio-8080-exec-5] DEBUG ROOT -     at Scope.$apply (http://localhost:9005/bower_components/angular/angular.js:16022:25)
2015-11-09 16:24:41,680 [http-bio-8080-exec-5] DEBUG ROOT -     at HTMLButtonElement.<anonymous> (http://localhost:9005/bower_components/angular/angular.js:23486:23)
2015-11-09 16:24:41,680 [http-bio-8080-exec-5] DEBUG ROOT -     at HTMLButtonElement.eventHandler (http://localhost:9005/bower_components/angular/angular.js:3296:21)
2015-11-09 16:24:41,992 [http-bio-8080-exec-5] DEBUG ROOT - Incoming message from http://localhost:9005/
2015-11-09 16:24:41,992 [http-bio-8080-exec-5] DEBUG ROOT - ReferenceError: y is not defined
2015-11-09 16:24:41,992 [http-bio-8080-exec-5] DEBUG ROOT -     at bar (http://localhost:9005/scripts/controllers/causeerror.js:25:15)
2015-11-09 16:24:41,992 [http-bio-8080-exec-5] DEBUG ROOT -     at foo (http://localhost:9005/scripts/controllers/causeerror.js:28:7)
2015-11-09 16:24:41,992 [http-bio-8080-exec-5] DEBUG ROOT -     at Scope.$scope.causeError (http://localhost:9005/scripts/controllers/causeerror.js:18:7)
2015-11-09 16:24:41,992 [http-bio-8080-exec-5] DEBUG ROOT -     at fn (eval at <anonymous> (http://localhost:9005/bower_components/angular/angular.js:13275:15), <anonymous>:4:221)
2015-11-09 16:24:41,992 [http-bio-8080-exec-5] DEBUG ROOT -     at callback (http://localhost:9005/bower_components/angular/angular.js:23481:17)
2015-11-09 16:24:41,993 [http-bio-8080-exec-5] DEBUG ROOT -     at Scope.$eval (http://localhost:9005/bower_components/angular/angular.js:15922:28)
2015-11-09 16:24:41,993 [http-bio-8080-exec-5] DEBUG ROOT -     at Scope.$apply (http://localhost:9005/bower_components/angular/angular.js:16022:25)
2015-11-09 16:24:41,993 [http-bio-8080-exec-5] DEBUG ROOT -     at HTMLButtonElement.<anonymous> (http://localhost:9005/bower_components/angular/angular.js:23486:23)
2015-11-09 16:24:41,993 [http-bio-8080-exec-5] DEBUG ROOT -     at HTMLButtonElement.eventHandler (http://localhost:9005/bower_components/angular/angular.js:3296:21)
2015-11-09 16:24:43,533 [http-bio-8080-exec-2] DEBUG ROOT - Incoming message from js client line[15], message [Uncaught SyntaxError: AutoGeneratedError]
2015-11-09 16:24:43,849 [http-bio-8080-exec-3] DEBUG ROOT - Incoming message from js client line[15], message [Uncaught SyntaxError: AutoGeneratedError]
2015-11-09 16:24:44,059 [http-bio-8080-exec-3] DEBUG ROOT - Incoming message from js client line[15], message [Uncaught SyntaxError: AutoGeneratedError]
2015-11-09 16:24:44,284 [http-bio-8080-exec-3] DEBUG ROOT - Incoming message from js client line[15], message [Uncaught SyntaxError: AutoGeneratedError]
2015-11-09 16:24:44,508 [http-bio-8080-exec-3] DEBUG ROOT - Incoming message from js client line[15], message [Uncaught SyntaxError: AutoGeneratedError]
2015-11-09 16:24:44,742 [http-bio-8080-exec-3] DEBUG ROOT - Incoming message from js client line[15], message [Uncaught SyntaxError: AutoGeneratedError]
2015-11-09 16:24:45,049 [http-bio-8080-exec-3] DEBUG ROOT - Incoming message from js client line[15], message [Uncaught SyntaxError: AutoGeneratedError]
